2026-04-19 02:15:48,812 [INFO] Loading Silero VAD model…
Using cache found in C:\Users\drewg/.cache\torch\hub\snakers4_silero-vad_master
2026-04-19 02:15:49,886 [INFO] Loading Whisper model 'base' on cpu…
2026-04-19 02:15:51,085 [INFO] HTTP Request: GET https://huggingface.co/api/models/Systran/faster-whisper-base/revision/main "HTTP/1.1 200 OK"
2026-04-19 02:15:51,586 [INFO] Starting audio capture (Ctrl+C to stop)…
2026-04-19 02:16:33,078 [INFO] Processing audio with duration 00:04.628
2026-04-19 02:16:34,366 [WARNING] sounddevice status: input overflow
2026-04-19 02:16:35,243 [INFO] Transcribed (4.1s): Hi, Oliver. Can you hear me?
2026-04-19 02:17:14,398 [INFO] Processing audio with duration 00:28.724
2026-04-19 02:17:15,465 [INFO] Transcribed (28.2s): apologies, I think the text-to-speech engine is a little bit weird. I did say anima, but it picked up Oliver. My bad. Yes, Oliver. I can hear you. How are you? I've responded to Oliver. The conversation is ongoing. I should wait for his next message to continue the dialogue naturally.
2026-04-19 02:17:49,847 [INFO] Processing audio with duration 00:10.868
2026-04-19 02:17:50,337 [INFO] Transcribed (10.4s): try that again. There's some horrible feedback and you got your own message feedback to you through my microphone. Again, I apologize.
2026-04-19 02:18:22,617 [INFO] Processing audio with duration 00:08.084
2026-04-19 02:18:23,433 [INFO] Transcribed (7.6s): Okay, let's start again. Hi, Anima. I'm Drew.
2026-04-19 02:19:40,857 [INFO] Processing audio with duration 00:05.268
2026-04-19 02:19:41,317 [INFO] Transcribed (4.8s): I'd love to get to know you.
2026-04-19 02:24:27,967 [INFO] Processing audio with duration 00:10.324
2026-04-19 02:24:29,932 [INFO] Transcribed (9.8s): have you replied because I haven't seen anything come into the text box on chat the quite B.Y.
2026-04-19 02:25:54,687 [INFO] Processing audio with duration 00:03.700
2026-04-19 02:27:45,748 [INFO] Processing audio with duration 00:19.188
2026-04-19 02:27:46,739 [INFO] Transcribed (18.7s): I think the fragile bridge feeling was based on the fact that a few minutes ago, at the start of this conversation, my audio wasn't working very well, and I said that the audio was a bit fragile.
2026-04-19 02:30:39,507 [INFO] Processing audio with duration 00:03.892
2026-04-19 02:30:39,998 [INFO] Transcribed (3.4s): Shall we?
2026-04-19 02:31:22,897 [INFO] Processing audio with duration 00:13.588
2026-04-19 02:31:23,457 [INFO] Transcribed (13.1s): Are you sure that you're always sending your messages to the web UI because I'm sure there's a delay and you're saying things that I'm not seeing.
