
> web-ui@0.0.0 dev
> vite

[2m12:53:58[22m [36m[1m[vite][22m[39m [90m[2m(client)[22m[39m Re-optimizing dependencies because vite config has changed

  [32m[1mVITE[22m v8.0.5[39m  [2mready in [0m[1m1075[22m[2m[0m ms[22m

  [32m➜[39m  [1mLocal[22m:   [36mhttp://localhost:[1m5173[22m/[39m
[2m  [32m➜[39m  [1mNetwork[22m[2m: use [22m[1m--host[22m[2m to expose[22m
[2m12:54:00[22m [36m[1m[vite][22m[39m [90m[2m(client)[22m[39m [optimizer] bundling dependencies...
[2m13:16:20[22m [36m[1m[vite][22m[39m [90m[2m(client)[22m[39m [32mhmr update [39m[2m/src/App.tsx, /src/components/layout/AnimaLayout.tsx[22m
[2m13:16:31[22m [36m[1m[vite][22m[39m [90m[2m(client)[22m[39m [32mhmr update [39m[2m/src/App.tsx, /src/components/layout/AnimaLayout.tsx[22m
[2m13:16:44[22m [36m[1m[vite][22m[39m [90m[2m(client)[22m[39m [32mhmr update [39m[2m/src/components/panels/ExpressionPanel.tsx[22m
[2m13:16:52[22m [31m[1m[vite][22m[39m [31mws proxy error:[39m
Error: socket hang up
    at Socket.socketOnEnd (node:_http_client:599:25)
    at Socket.emit (node:events:520:22)
    at endReadableNT (node:internal/streams/readable:1729:12)
    at process.processTicksAndRejections (node:internal/process/task_queues:90:21)
[2m13:25:07[22m [31m[1m[vite][22m[39m [31mws proxy error:[39m
Error: This socket has been ended by the other party
    at genericNodeError (node:internal/errors:998:15)
    at wrappedFn (node:internal/errors:543:14)
    at Socket.writeAfterFIN [as write] (node:net:581:14)
    at Socket.ondata (node:internal/streams/readable:1013:24)
    at Socket.emit (node:events:508:20)
    at addChunk (node:internal/streams/readable:564:12)
    at readableAddChunkPushByteMode (node:internal/streams/readable:515:3)
    at Readable.push (node:internal/streams/readable:395:5)
    at TCP.onStreamRead (node:internal/stream_base_commons:189:23)
[2m13:25:16[22m [36m[1m[vite][22m[39m [90m[2m(client)[22m[39m [32mhmr update [39m[2m/src/App.tsx, /src/components/layout/AnimaLayout.tsx[22m
[2m13:25:22[22m [36m[1m[vite][22m[39m [90m[2m(client)[22m[39m [32mhmr update [39m[2m/src/components/tabs/PerceptionTab.tsx[22m
[2m13:25:34[22m [36m[1m[vite][22m[39m [90m[2m(client)[22m[39m [32mhmr update [39m[2m/src/components/tabs/PerceptionTab.tsx[22m
[2m13:25:43[22m [36m[1m[vite][22m[39m [90m[2m(client)[22m[39m [32mhmr update [39m[2m/src/components/tabs/PerceptionTab.tsx[22m
[2m13:25:51[22m [36m[1m[vite][22m[39m [90m[2m(client)[22m[39m [32mhmr update [39m[2m/src/components/panels/PerceptionPanel.tsx[22m
[2m13:26:05[22m [36m[1m[vite][22m[39m [90m[2m(client)[22m[39m [32mhmr update [39m[2m/src/components/panels/PerceptionPanel.tsx[22m
[2m13:26:32[22m [31m[1m[vite][22m[39m [31mws proxy error:[39m
Error: socket hang up
    at Socket.socketOnEnd (node:_http_client:599:25)
    at Socket.emit (node:events:520:22)
    at endReadableNT (node:internal/streams/readable:1729:12)
    at process.processTicksAndRejections (node:internal/process/task_queues:90:21)
[2m13:26:33[22m [31m[1m[vite][22m[39m [31mws proxy error:[39m
Error: socket hang up
    at Socket.socketOnEnd (node:_http_client:599:25)
    at Socket.emit (node:events:520:22)
    at endReadableNT (node:internal/streams/readable:1729:12)
    at process.processTicksAndRejections (node:internal/process/task_queues:90:21)
[2m13:27:24[22m [36m[1m[vite][22m[39m [90m[2m(client)[22m[39m [32mhmr update [39m[2m/src/components/layout/NavBar.tsx[22m
[2m13:27:33[22m [36m[1m[vite][22m[39m [90m[2m(client)[22m[39m [32mhmr update [39m[2m/src/components/layout/NavBar.tsx[22m
[2m13:27:37[22m [36m[1m[vite][22m[39m [90m[2m(client)[22m[39m [32mhmr update [39m[2m/src/components/layout/AnimaLayout.tsx[22m
[2m13:27:43[22m [36m[1m[vite][22m[39m [90m[2m(client)[22m[39m [32mhmr update [39m[2m/src/components/layout/AnimaLayout.tsx[22m
[2m13:29:15[22m [36m[1m[vite][22m[39m [90m[2m(client)[22m[39m [32mhmr update [39m[2m/src/components/tabs/MemoryBrowser.tsx[22m
[2m13:29:30[22m [36m[1m[vite][22m[39m [90m[2m(client)[22m[39m [32mhmr update [39m[2m/src/components/tabs/MemoryBrowser.tsx[22m
[2m13:29:40[22m [36m[1m[vite][22m[39m [90m[2m(client)[22m[39m [32mhmr update [39m[2m/src/components/tabs/MemoryBrowser.tsx[22m
[2m13:29:50[22m [31m[1m[vite][22m[39m [31mws proxy error:[39m
Error: socket hang up
    at Socket.socketOnEnd (node:_http_client:599:25)
    at Socket.emit (node:events:520:22)
    at endReadableNT (node:internal/streams/readable:1729:12)
    at process.processTicksAndRejections (node:internal/process/task_queues:90:21)
[2m13:29:50[22m [31m[1m[vite][22m[39m [31mws proxy error:[39m
Error: socket hang up
    at Socket.socketOnEnd (node:_http_client:599:25)
    at Socket.emit (node:events:520:22)
    at endReadableNT (node:internal/streams/readable:1729:12)
    at process.processTicksAndRejections (node:internal/process/task_queues:90:21)
[2m13:31:05[22m [36m[1m[vite][22m[39m [90m[2m(client)[22m[39m [32mhmr update [39m[2m/src/components/panels/InternalStatePanel.tsx[22m
[2m13:31:09[22m [36m[1m[vite][22m[39m [90m[2m(client)[22m[39m [32mhmr update [39m[2m/src/components/panels/InternalStatePanel.tsx[22m
[2m13:38:36[22m [36m[1m[vite][22m[39m [90m[2m(client)[22m[39m [32mhmr update [39m[2m/src/App.tsx, /src/components/layout/AnimaLayout.tsx[22m
[2m13:38:42[22m [36m[1m[vite][22m[39m [90m[2m(client)[22m[39m [32mhmr update [39m[2m/src/App.tsx, /src/components/layout/AnimaLayout.tsx[22m
[2m13:38:56[22m [31m[1m[vite][22m[39m [31mws proxy error:[39m
Error: socket hang up
    at Socket.socketOnEnd (node:_http_client:599:25)
    at Socket.emit (node:events:520:22)
    at endReadableNT (node:internal/streams/readable:1729:12)
    at process.processTicksAndRejections (node:internal/process/task_queues:90:21)
[2m13:39:15[22m [36m[1m[vite][22m[39m [90m[2m(client)[22m[39m [32mhmr update [39m[2m/src/components/panels/ExpressionPanel.tsx[22m
[2m13:47:12[22m [36m[1m[vite][22m[39m [90m[2m(client)[22m[39m [32mhmr update [39m[2m/src/App.tsx[22m
[2m14:00:21[22m [36m[1m[vite][22m[39m [90m[2m(client)[22m[39m [32mhmr update [39m[2m/src/components/tabs/MemoryBrowser.tsx[22m
[2m14:00:25[22m [36m[1m[vite][22m[39m [90m[2m(client)[22m[39m [32mhmr update [39m[2m/src/components/tabs/MemoryBrowser.tsx[22m
[2m14:00:32[22m [36m[1m[vite][22m[39m [90m[2m(client)[22m[39m [32mhmr update [39m[2m/src/components/panels/MemoryPanel.tsx[22m
[2m14:00:45[22m [36m[1m[vite][22m[39m [90m[2m(client)[22m[39m [32mhmr update [39m[2m/src/components/panels/MemoryPanel.tsx[22m
[2m14:00:51[22m [36m[1m[vite][22m[39m [90m[2m(client)[22m[39m [32mhmr update [39m[2m/src/components/panels/MemoryPanel.tsx[22m
[2m14:01:01[22m [36m[1m[vite][22m[39m [90m[2m(client)[22m[39m [32mhmr update [39m[2m/src/components/panels/MemoryPanel.tsx[22m
[2m14:01:07[22m [36m[1m[vite][22m[39m [90m[2m(client)[22m[39m [32mhmr update [39m[2m/src/components/layout/AnimaLayout.tsx[22m
[2m14:01:13[22m [36m[1m[vite][22m[39m [90m[2m(client)[22m[39m [32mhmr update [39m[2m/src/components/layout/AnimaLayout.tsx[22m
[2m14:01:27[22m [36m[1m[vite][22m[39m [90m[2m(client)[22m[39m [32mhmr update [39m[2m/src/components/layout/AnimaLayout.tsx[22m
[2m14:01:31[22m [36m[1m[vite][22m[39m [90m[2m(client)[22m[39m [32mhmr update [39m[2m/src/components/layout/AnimaLayout.tsx[22m
[2m14:10:11[22m [36m[1m[vite][22m[39m [90m[2m(client)[22m[39m [32mhmr update [39m[2m/src/components/panels/GlobalWorkspacePanel.tsx[22m
[2m14:10:22[22m [36m[1m[vite][22m[39m [90m[2m(client)[22m[39m [32mhmr update [39m[2m/src/components/panels/GlobalWorkspacePanel.tsx[22m
[2m14:10:26[22m [36m[1m[vite][22m[39m [90m[2m(client)[22m[39m [32mhmr update [39m[2m/src/components/panels/GlobalWorkspacePanel.tsx[22m
[2m14:10:48[22m [36m[1m[vite][22m[39m [90m[2m(client)[22m[39m [32mhmr update [39m[2m/src/components/panels/GlobalWorkspacePanel.tsx[22m
[2m14:10:52[22m [36m[1m[vite][22m[39m [90m[2m(client)[22m[39m [32mhmr update [39m[2m/src/components/layout/AnimaLayout.tsx[22m
[2m14:15:32[22m [36m[1m[vite][22m[39m [90m[2m(client)[22m[39m [32mhmr update [39m[2m/src/components/panels/GlobalWorkspacePanel.tsx[22m
[2m14:15:35[22m [36m[1m[vite][22m[39m [90m[2m(client)[22m[39m [32mhmr update [39m[2m/src/components/panels/GlobalWorkspacePanel.tsx[22m
[2m14:15:39[22m [36m[1m[vite][22m[39m [90m[2m(client)[22m[39m [32mhmr update [39m[2m/src/components/panels/GlobalWorkspacePanel.tsx[22m
[2m14:16:01[22m [36m[1m[vite][22m[39m [90m[2m(client)[22m[39m [32mhmr update [39m[2m/src/components/panels/GlobalWorkspacePanel.tsx[22m
[2m14:16:22[22m [36m[1m[vite][22m[39m [90m[2m(client)[22m[39m [32mhmr update [39m[2m/src/components/panels/GlobalWorkspacePanel.tsx[22m
[2m14:16:23[22m [31m[1m[vite][22m[39m [31m[2m(client)[22m[39m [31m[Unhandled error] [1mReferenceError[22m: useState is not defined
[39m > GlobalWorkspacePanel src/components/panels/GlobalWorkspacePanel.tsx:79:44
    77 |    const inLoop = orchestratorMode === 'loop';
    78 |  
    79 |    const [signalHistory, setSignalHistory] = useState<SeenSignal[]>([]);
       |                                              ^
    80 |    const [, setTick] = useState(0);
    81 |    const scrollRef = useRef<HTMLDivElement>(null);
 > Object.react_stack_bottom_frame node_modules/react-dom/cjs/react-dom-client.development.js:25904:19
 > renderWithHooks node_modules/react-dom/cjs/react-dom-client.development.js:7662:21
 > updateFunctionComponent node_modules/react-dom/cjs/react-dom-client.development.js:10166:18
 > beginWork node_modules/react-dom/cjs/react-dom-client.development.js:11778:17
 > runWithFiberInDEV node_modules/react-dom/cjs/react-dom-client.development.js:871:29
 > performUnitOfWork node_modules/react-dom/cjs/react-dom-client.development.js:17641:21
 > workLoopSync node_modules/react-dom/cjs/react-dom-client.development.js:17469:40
 > renderRootSync node_modules/react-dom/cjs/react-dom-client.development.js:17450:10
 > performWorkOnRoot node_modules/react-dom/cjs/react-dom-client.development.js:16583:34

[2m14:16:23[22m [33m[1m[vite][22m[39m [33m[2m(client)[22m[39m [2m[console.warn] [22mAn error occurred in the <GlobalWorkspacePanel> component.

Consider adding an error boundary to your tree to customize error handling behavior.
Visit https://react.dev/link/error-boundaries to learn more about error boundaries.

[2m14:16:36[22m [36m[1m[vite][22m[39m [90m[2m(client)[22m[39m [32mhmr update [39m[2m/src/components/panels/GlobalWorkspacePanel.tsx[22m
[2m14:16:41[22m [36m[1m[vite][22m[39m [90m[2m(client)[22m[39m [32mhmr update [39m[2m/src/components/panels/GlobalWorkspacePanel.tsx[22m
[2m14:18:54[22m [36m[1m[vite][22m[39m [90m[2m(client)[22m[39m [32mhmr update [39m[2m/src/components/panels/GlobalWorkspacePanel.tsx[22m
[2m14:22:04[22m [36m[1m[vite][22m[39m [90m[2m(client)[22m[39m [32mhmr update [39m[2m/src/components/panels/UnsolicitedExpressionsPanel.tsx[22m
[2m14:22:08[22m [36m[1m[vite][22m[39m [90m[2m(client)[22m[39m [32mhmr update [39m[2m/src/components/panels/UnsolicitedExpressionsPanel.tsx[22m
[2m14:22:11[22m [36m[1m[vite][22m[39m [90m[2m(client)[22m[39m [32mhmr update [39m[2m/src/components/panels/UnsolicitedExpressionsPanel.tsx[22m
[2m14:22:16[22m [36m[1m[vite][22m[39m [90m[2m(client)[22m[39m [32mhmr update [39m[2m/src/components/panels/PerceptionPanel.tsx[22m
[2m14:22:19[22m [36m[1m[vite][22m[39m [90m[2m(client)[22m[39m [32mhmr update [39m[2m/src/components/panels/PerceptionPanel.tsx[22m
[2m14:22:24[22m [36m[1m[vite][22m[39m [90m[2m(client)[22m[39m [32mhmr update [39m[2m/src/components/panels/PerceptionPanel.tsx[22m
[2m14:22:28[22m [36m[1m[vite][22m[39m [90m[2m(client)[22m[39m [32mhmr update [39m[2m/src/components/panels/LanguagePanel.tsx[22m
[2m14:22:33[22m [36m[1m[vite][22m[39m [90m[2m(client)[22m[39m [32mhmr update [39m[2m/src/components/panels/WorldPerceptionPanel.tsx[22m
[2m14:22:36[22m [36m[1m[vite][22m[39m [90m[2m(client)[22m[39m [32mhmr update [39m[2m/src/components/panels/WorldPerceptionPanel.tsx[22m
[2m14:22:41[22m [36m[1m[vite][22m[39m [90m[2m(client)[22m[39m [32mhmr update [39m[2m/src/components/panels/EventStreamPanel.tsx[22m
[2m14:22:46[22m [36m[1m[vite][22m[39m [90m[2m(client)[22m[39m [32mhmr update [39m[2m/src/components/panels/EventStreamPanel.tsx[22m
[2m14:22:51[22m [36m[1m[vite][22m[39m [90m[2m(client)[22m[39m [32mhmr update [39m[2m/src/components/panels/GlobalWorkspacePanel.tsx[22m
[2m14:22:55[22m [36m[1m[vite][22m[39m [90m[2m(client)[22m[39m [32mhmr update [39m[2m/src/components/panels/GlobalWorkspacePanel.tsx[22m
[2m14:23:03[22m [36m[1m[vite][22m[39m [90m[2m(client)[22m[39m [32mhmr update [39m[2m/src/components/layout/NavBar.tsx[22m
[2m14:23:10[22m [36m[1m[vite][22m[39m [90m[2m(client)[22m[39m [32mhmr update [39m[2m/src/components/panels/CentreCanvas.tsx[22m
[2m14:23:14[22m [36m[1m[vite][22m[39m [90m[2m(client)[22m[39m [32mhmr update [39m[2m/src/components/panels/CentreCanvas.tsx[22m
[2m14:23:18[22m [36m[1m[vite][22m[39m [90m[2m(client)[22m[39m [32mhmr update [39m[2m/src/components/panels/CentreCanvas.tsx[22m
[2m14:24:51[22m [36m[1m[vite][22m[39m [90m[2m(client)[22m[39m [32mhmr update [39m[2m/src/components/panels/GlobalWorkspacePanel.tsx[22m
